execve("./empty", ["./empty"], 0x7ffdb2557930 /* 49 vars */) = 0
brk(NULL)                               = 0x1e6f000
arch_prctl(0x3001 /* ARCH_??? */, 0x7ffddf6bbb30) = -1 EINVAL (Invalid argument)
access("/etc/ld.so.preload", R_OK)      = -1 ENOENT (No such file or directory)
openat(AT_FDCWD, "/etc/ld.so.cache", O_RDONLY|O_CLOEXEC) = 3
newfstatat(3, "", {st_mode=S_IFREG|0644, st_size=59379, ...}, AT_EMPTY_PATH) = 0
mmap(NULL, 59379, PROT_READ, MAP_PRIVATE, 3, 0) = 0x7f7c7a68b000
close(3)                                = 0
openat(AT_FDCWD, "/lib64/libc.so.6", O_RDONLY|O_CLOEXEC) = 3
read(3, "\177ELF\2\1\1\3\0\0\0\0\0\0\0\0\3\0>\0\1\0\0\0 \203\2\0\0\0\0\0"..., 832) = 832
pread64(3, "\6\0\0\0\4\0\0\0@\0\0\0\0\0\0\0@\0\0\0\0\0\0\0@\0\0\0\0\0\0\0"..., 784, 64) = 784
newfstatat(3, "", {st_mode=S_IFREG|0755, st_size=2420152, ...}, AT_EMPTY_PATH) = 0
mmap(NULL, 8192, PROT_READ|PROT_WRITE, MAP_PRIVATE|MAP_ANONYMOUS, -1, 0) = 0x7f7c7a689000
pread64(3, "\6\0\0\0\4\0\0\0@\0\0\0\0\0\0\0@\0\0\0\0\0\0\0@\0\0\0\0\0\0\0"..., 784, 64) = 784
mmap(NULL, 1973104, PROT_READ, MAP_PRIVATE|MAP_DENYWRITE, 3, 0) = 0x7f7c7a4a7000
mmap(0x7f7c7a4cd000, 1441792, PROT_READ|PROT_EXEC, MAP_PRIVATE|MAP_FIXED|MAP_DENYWRITE, 3, 0x26000) = 0x7f7c7a4cd000
mmap(0x7f7c7a62d000, 319488, PROT_READ, MAP_PRIVATE|MAP_FIXED|MAP_DENYWRITE, 3, 0x186000) = 0x7f7c7a62d000
mmap(0x7f7c7a67b000, 24576, PROT_READ|PROT_WRITE, MAP_PRIVATE|MAP_FIXED|MAP_DENYWRITE, 3, 0x1d3000) = 0x7f7c7a67b000
mmap(0x7f7c7a681000, 31600, PROT_READ|PROT_WRITE, MAP_PRIVATE|MAP_FIXED|MAP_ANONYMOUS, -1, 0) = 0x7f7c7a681000
close(3)                                = 0
mmap(NULL, 8192, PROT_READ|PROT_WRITE, MAP_PRIVATE|MAP_ANONYMOUS, -1, 0) = 0x7f7c7a4a5000
arch_prctl(ARCH_SET_FS, 0x7f7c7a68a640) = 0
set_tid_address(0x7f7c7a68a910)         = 3372474
set_robust_list(0x7f7c7a68a920, 24)     = 0
rseq(0x7f7c7a68af60, 0x20, 0, 0x53053053) = 0
mprotect(0x7f7c7a67b000, 16384, PROT_READ) = 0
mprotect(0x403000, 4096, PROT_READ)     = 0
mprotect(0x7f7c7a6cc000, 8192, PROT_READ) = 0
prlimit64(0, RLIMIT_STACK, NULL, {rlim_cur=8192*1024, rlim_max=RLIM64_INFINITY}) = 0
munmap(0x7f7c7a68b000, 59379)           = 0
exit_group(0)                           = ?
+++ exited with 0 +++
